Running: C:\Kristian\Programmer\Xilinx\14.7\ISE_DS\ISE\bin\nt64\unwrapped\fuse.exe -intstyle ise -incremental -o C:/Users/Kristian/Documents/Github/Repositories/4. Semester/Mit/DIG/Projects/Portefolje_1/tb_cnt999_isim_beh.exe -prj C:/Users/Kristian/Documents/Github/Repositories/4. Semester/Mit/DIG/Projects/Portefolje_1/tb_cnt999_beh.prj work.tb_cnt999 
ISim P.20131013 (signature 0x7708f090)
Number of CPUs detected in this system: 4
Turning on mult-threading, number of parallel sub-compilation jobs: 8 
Determining compilation order of HDL files
Parsing VHDL file "C:/Users/Kristian/Documents/Github/Repositories/4. Semester/Mit/DIG/Projects/Portefolje_1/cnt999.vhd" into library work
Parsing VHDL file "C:/Users/Kristian/Documents/Github/Repositories/4. Semester/Mit/DIG/Projects/Portefolje_1/tb_cnt999.vhd" into library work
Starting static elaboration
Completed static elaboration
Compiling package standard
Compiling package std_logic_1164
Compiling package numeric_std
Compiling architecture behavioral of entity cnt999 [cnt999_default]
Compiling architecture behavior of entity tb_cnt999
Time Resolution for simulation is 1ps.
Waiting for 1 sub-compilation(s) to finish...
WARNING:Simulator - Unable to copy libPortabilityNOSH.dll to the simulation executable directory: boost::filesystem::copy_file: The system cannot find the path specified, "isim\tb_cnt999_isim_beh.exe.sim\libPortability.dll".
Compiled 6 VHDL Units
Built simulation executable C:/Users/Kristian/Documents/Github/Repositories/4. Semester/Mit/DIG/Projects/Portefolje_1/tb_cnt999_isim_beh.exe
Fuse Memory Usage: 34940 KB
Fuse CPU Usage: 358 ms
