Command line:
   tb_cnt999_isim_beh.exe
     -simmode  gui
     -simrunnum  0
     -socket  60409

Thu Mar 10 20:26:45 2016


 Elaboration Time: 0.03125 sec

 Current Memory Usage: 839.774 Meg

 Total Signals          : 11
 Total Nets             : 9
 Total Signal Drivers   : 5
 Total Blocks           : 4
 Total Primitive Blocks : 3
 Total Processes        : 3
 Total Traceable Variables  : 14
 Total Scalar Nets and Variables : 493
Total Line Count : 24

 Total Simulation Time: 0.09375 sec

 Current Memory Usage: 839.774 Meg

Thu Mar 10 20:27:11 2016

